Lumerical 2020a FDTD Solver Version 8.23.2271 (Windows 64bit)
 expires (month/day/year): 5/15/2021
using config file: C:/Users/FaHa/AppData/Roaming/Lumerical/License.ini
license host: ze-ls0.fen.bris.ac.uk
current time: Sat Jun 13 20:23:04 2020
Running on host: MSI
All processes are communicating and ready to proceed to simulation...
Running fsp file: D:\Programs\Lumerical 2020a R5\bin\fdtd-engine-impi.exe -t 1 -remote D:/OneDrive - University of Bristol/Documents/UNIVERSITY/THIRD_YEAR/IRP/LUMERICAL WORK/Farfield of entire system/Farfield_entire_system.fsp
number of processors is 12
processors are distributed as: 4x3x1
Running 2D Simulation
Starting meshing
Simulation size in gridpoints: 90 x 78 x 1
Refined 0 mesh cells (0%)
Completed meshing!
Meshing complete in 0.015625 seconds of CPU time
15120 15120
Starting meshing
Simulation size in gridpoints: 90 x 78 x 1
Refined 0 mesh cells (0%)
Completed meshing!
Meshing complete in 0 seconds of CPU time
13104 13104
finished material properties
Selected kernel with optimization level: 2 and split-field propagation direction: 0
Starting meshing
Simulation size in gridpoints: 90 x 78 x 1
Refined 0 mesh cells (0%)
Completed meshing!
Meshing complete in 0 seconds of CPU time
13104 13104
Selected kernel with optimization level: 2 and split-field propagation direction: 0
-----------------------------------------
Beginning initialization of 2D FDTD Simulation
  Including TE Simulation
Starting to add sources to simulation

Adding Gaussian source propagating in X
Starting to add boundary conditions to simulation
Adding PML BC
Adding parallel BC
Adding parallel BC
Adding parallel BC
Starting to add monitors to Simulation
Adding analysis monitor
Adding analysis monitor
Adding frequency monitor
Adding frequency monitor
Adding frequency monitor
Adding frequency monitor
Adding index monitor
Adding index monitor
Adding frequency monitor
Adding frequency monitor
Adding frequency monitor
Adding frequency monitor
Finished initialization of 2D Simulation
-----------------------------------------
All processes are communicating and ready to proceed to simulation...
Starting 32784 total iterations
0.146415% complete. Max time remaining: 31 secs. Auto Shutoff: 1
1.51295% complete. Max time remaining: 32 secs. Auto Shutoff: 1
3.07471% complete. Max time remaining: 31 secs. Auto Shutoff: 0.145508
6.19823% complete. Max time remaining: 32 secs. Auto Shutoff: 0.0341838
9.32175% complete. Max time remaining: 31 secs. Auto Shutoff: 0.00541729
12.4453% complete. Max time remaining: 30 secs. Auto Shutoff: 0.00207897
15.5688% complete. Max time remaining: 31 secs. Auto Shutoff: 0.00103292
18.6923% complete. Max time remaining: 30 secs. Auto Shutoff: 0.000636224
21.8158% complete. Max time remaining: 29 secs. Auto Shutoff: 0.000473674
24.9393% complete. Max time remaining: 28 secs. Auto Shutoff: 0.000326607
28.0629% complete. Max time remaining: 29 secs. Auto Shutoff: 0.000238546
31.1864% complete. Max time remaining: 27 secs. Auto Shutoff: 0.000144643
34.3099% complete. Max time remaining: 26 secs. Auto Shutoff: 0.00021052
37.4334% complete. Max time remaining: 24 secs. Auto Shutoff: 0.000160918
40.5569% complete. Max time remaining: 23 secs. Auto Shutoff: 0.000111643
43.6805% complete. Max time remaining: 22 secs. Auto Shutoff: 0.000107041
46.804% complete. Max time remaining: 21 secs. Auto Shutoff: 0.000114481
49.9275% complete. Max time remaining: 20 secs. Auto Shutoff: 0.000103455
53.051% complete. Max time remaining: 18 secs. Auto Shutoff: 7.0562e-05
56.1745% complete. Max time remaining: 17 secs. Auto Shutoff: 6.69339e-05
59.298% complete. Max time remaining: 16 secs. Auto Shutoff: 6.36109e-05
62.4216% complete. Max time remaining: 15 secs. Auto Shutoff: 6.00758e-05
65.5451% complete. Max time remaining: 13 secs. Auto Shutoff: 3.16793e-05
68.6686% complete. Max time remaining: 12 secs. Auto Shutoff: 3.1922e-05
71.7921% complete. Max time remaining: 11 secs. Auto Shutoff: 3.06571e-05
74.9156% complete. Max time remaining: 10 secs. Auto Shutoff: 2.65977e-05
78.0392% complete. Max time remaining: 8 secs. Auto Shutoff: 1.8398e-05
81.1627% complete. Max time remaining: 7 secs. Auto Shutoff: 1.95679e-05
84.2862% complete. Max time remaining: 6 secs. Auto Shutoff: 1.57216e-05
87.4097% complete. Max time remaining: 5 secs. Auto Shutoff: 1.75181e-05
90.5332% complete. Max time remaining: 4 secs. Auto Shutoff: 1.87009e-05
93.431% complete. Max time remaining: 2 secs. Auto Shutoff: 9.62246e-06
100% complete. Max time remaining: 0 mins, 0 secs. Auto Shutoff: 9.62246e-06
Early termination of simulation, the autoshutoff criteria are satisfied.
Completed 30630 iterations, or 9.343103e-13s of Simulation Time
Process 0 starting to collect data
    collecting TM monitor data
    collecting TE monitor data
    collecting TM source data
    collecting TE source data
Finished collecting data
Simulation completed successfully at: Sat Jun 13 20:23:40 2020
Overall wall time measurements in seconds: 39.374
    time to mesh and initialize: 0.305243
    time to run FDTD simulation: 35.5028
    time to checkpoint simulation: 3e-07
    time to finalize data and save to files: 0.199259
    miscellaneous time: 3.36659
    FDTD solver speed on process 0: 6.05649 Mnodes/s
    total FDTD solver speed on 12 processes: 72.6779 Mnodes/s
