Lumerical 2020a FDTD Solver Version 8.23.2271 (Windows 64bit)
 expires (month/day/year): 5/15/2020
using config file: C:/Users/FaHa/AppData/Roaming/Lumerical/License.ini
license host: ze-ls0.fen.bris.ac.uk
current time: Mon Apr 13 13:22:35 2020
Running on host: MSI
All processes are communicating and ready to proceed to simulation...
Running fsp file: D:\Programs\Lumerical 2020a R5\bin\fdtd-engine-impi.exe -t 1 -remote D:/OneDrive - University of Bristol/Documents/UNIVERSITY/THIRD_YEAR/IRP/LUMERICAL WORK/Grating/Just grating.fsp
number of processors is 12
processors are distributed as: 6x2x1
Running 2D Simulation
Starting meshing
Simulation size in gridpoints: 34 x 36 x 1
Refined 0 mesh cells (0%)
Completed meshing!
Meshing complete in 0 seconds of CPU time
0 0
Starting meshing
Simulation size in gridpoints: 34 x 36 x 1
Refined 0 mesh cells (0%)
Completed meshing!
Meshing complete in 0 seconds of CPU time
0 0
finished material properties
Selected kernel with optimization level: 2 and split-field propagation direction: 0
Starting meshing
Simulation size in gridpoints: 34 x 36 x 1
Refined 0 mesh cells (0%)
Completed meshing!
Meshing complete in 0.015625 seconds of CPU time
0 0
Selected kernel with optimization level: 2 and split-field propagation direction: 0
-----------------------------------------
Beginning initialization of 2D FDTD Simulation
  Including TE Simulation
Starting to add sources to simulation

Adding Gaussian source propagating in X
Starting to add boundary conditions to simulation
Adding PML BC
Adding parallel BC
Adding parallel BC
Adding parallel BC
Starting to add monitors to Simulation
Adding analysis monitor
Adding analysis monitor
Adding frequency monitor
Adding frequency monitor
Adding frequency monitor
Adding frequency monitor
Adding index monitor
Adding index monitor
Adding frequency monitor
Adding frequency monitor
Adding frequency monitor
Adding frequency monitor
Finished initialization of 2D Simulation
-----------------------------------------
All processes are communicating and ready to proceed to simulation...
Starting 32783 total iterations
0.146417% complete. Max time remaining: 12 secs. Auto Shutoff: 1
1.51297% complete. Max time remaining: 6 secs. Auto Shutoff: 1
3.07475% complete. Max time remaining: 6 secs. Auto Shutoff: 0.0517595
6.19831% complete. Max time remaining: 6 secs. Auto Shutoff: 0.00259107
12.4454% complete. Max time remaining: 7 secs. Auto Shutoff: 0.000229152
24.9397% complete. Max time remaining: 5 secs. Auto Shutoff: 1.46112e-05
27.1939% complete. Max time remaining: 5 secs. Auto Shutoff: 9.93661e-06
100% complete. Max time remaining: 0 mins, 0 secs. Auto Shutoff: 9.93661e-06
Early termination of simulation, the autoshutoff criteria are satisfied.
Completed 8915 iterations, or 2.719387e-13s of Simulation Time
Process 0 starting to collect data
    collecting TM monitor data
    collecting TE monitor data
    collecting TM source data
    collecting TE source data
Finished collecting data
Simulation completed successfully at: Mon Apr 13 13:22:37 2020
Overall wall time measurements in seconds: 2.88216
    time to mesh and initialize: 0.0478471
    time to run FDTD simulation: 1.73408
    time to checkpoint simulation: 2e-07
    time to finalize data and save to files: 0.103924
    miscellaneous time: 0.996281
    FDTD solver speed on process 0: 6.29264 Mnodes/s
    total FDTD solver speed on 12 processes: 75.5117 Mnodes/s
