Lumerical 2020a FDTD Solver Version 8.23.2271 (Windows 64bit)
 expires (month/day/year): 5/15/2021
using config file: C:/Users/FaHa/AppData/Roaming/Lumerical/License.ini
license host: ze-ls0.fen.bris.ac.uk
current time: Thu Jun 25 16:14:33 2020
Running on host: MSI
All processes are communicating and ready to proceed to simulation...
Running fsp file: D:\Programs\Lumerical 2020a R5\bin\fdtd-engine-impi.exe -t 1 -remote D:/OneDrive - University of Bristol/Documents/UNIVERSITY/THIRD_YEAR/IRP/LUMERICAL WORK/DBR/Solo DBR.fsp
number of processors is 12
processors are distributed as: 6x2x1
Running 2D Simulation
Starting meshing
Simulation size in gridpoints: 60 x 78 x 1
Refined 0 mesh cells (0%)
Completed meshing!
Meshing complete in 0 seconds of CPU time
0 0
Starting meshing
Simulation size in gridpoints: 60 x 78 x 1
Refined 0 mesh cells (0%)
Completed meshing!
Meshing complete in 0 seconds of CPU time
0 0
finished material properties
Selected kernel with optimization level: 2 and split-field propagation direction: 0
Starting meshing
Simulation size in gridpoints: 60 x 78 x 1
Refined 0 mesh cells (0%)
Completed meshing!
Meshing complete in 0 seconds of CPU time
0 0
Selected kernel with optimization level: 2 and split-field propagation direction: 0
-----------------------------------------
Beginning initialization of 2D FDTD Simulation
  Including TE Simulation
Starting to add sources to simulation

Adding Gaussian source propagating in X
Starting to add boundary conditions to simulation
Adding PML BC
Adding parallel BC
Adding parallel BC
Adding parallel BC
Starting to add monitors to Simulation
Adding analysis monitor
Adding index monitor
Adding frequency monitor
Adding frequency monitor
Adding frequency monitor
Adding frequency monitor
Finished initialization of 2D Simulation
-----------------------------------------
All processes are communicating and ready to proceed to simulation...
Starting 32747 total iterations
0.146577% complete. Max time remaining: 16 secs. Auto Shutoff: 1
1.51462% complete. Max time remaining: 18 secs. Auto Shutoff: 1
3.07811% complete. Max time remaining: 17 secs. Auto Shutoff: 0.0154963
6.20507% complete. Max time remaining: 16 secs. Auto Shutoff: 0.00436413
12.459% complete. Max time remaining: 16 secs. Auto Shutoff: 0.000732113
18.7129% complete. Max time remaining: 15 secs. Auto Shutoff: 2.00217e-05
22.9056% complete. Max time remaining: 14 secs. Auto Shutoff: 8.93569e-06
100% complete. Max time remaining: 0 mins, 0 secs. Auto Shutoff: 8.93569e-06
Early termination of simulation, the autoshutoff criteria are satisfied.
Completed 7501 iterations, or 2.290564e-13s of Simulation Time
Process 0 starting to collect data
    collecting TM monitor data
    collecting TE monitor data
    collecting TM source data
    collecting TE source data
Finished collecting data
Simulation completed successfully at: Thu Jun 25 16:14:37 2020
Overall wall time measurements in seconds: 17.4675
    time to mesh and initialize: 0.199567
    time to run FDTD simulation: 4.12244
    time to checkpoint simulation: 4e-07
    time to finalize data and save to files: 0.120934
    miscellaneous time: 13.0245
    FDTD solver speed on process 0: 8.51552 Mnodes/s
    total FDTD solver speed on 12 processes: 102.186 Mnodes/s
